<?xml version="1.0" encoding="UTF-8"?>
<!-- Generated by org.testng.reporters.JUnitReportReporter -->
<testsuite hostname="DESKTOP-TR9CLTB" failures="0" tests="1" name="ResponseBoddyValidation.StaticResponseValidation" time="7.210" errors="0" timestamp="2023-06-28T07:39:11 IST" skipped="0">
  <testcase classname="ResponseBoddyValidation.StaticResponseValidation" name="staticResp" time="7.210"/>
  <system-out/>
</testsuite> <!-- ResponseBoddyValidation.StaticResponseValidation -->
