<?xml version="1.0" encoding="UTF-8"?>
<!-- Generated by org.testng.reporters.JUnitReportReporter -->
<testsuite hostname="DESKTOP-TR9CLTB" failures="0" tests="1" name="CrudWithoutBDD.getUser" time="7.317" errors="0" timestamp="2023-06-23T07:28:10 IST" skipped="0">
  <testcase classname="CrudWithoutBDD.getUser" name="getALLUsers" time="7.317"/>
  <system-out/>
</testsuite> <!-- CrudWithoutBDD.getUser -->
