<?xml version="1.0" encoding="UTF-8"?>
<!-- Generated by org.testng.reporters.JUnitReportReporter -->
<testsuite hostname="DESKTOP-TR9CLTB" failures="0" tests="1" name="REQUESTCHAIN.requestchainn" time="32.350" errors="0" timestamp="2023-07-03T12:46:56 IST" skipped="0">
  <testcase classname="REQUESTCHAIN.requestchainn" name="requestChain" time="32.350"/>
  <system-out/>
</testsuite> <!-- REQUESTCHAIN.requestchainn -->
