<?xml version="1.0" encoding="UTF-8"?>
<!-- Generated by org.testng.reporters.JUnitReportReporter -->
<testsuite hostname="DESKTOP-TR9CLTB" failures="0" tests="1" name="CRUDwithBDD.readUser" time="7.290" errors="0" timestamp="2023-06-24T07:51:58 IST" skipped="0">
  <testcase classname="CRUDwithBDD.readUser" name="READuser" time="7.290"/>
  <system-out/>
</testsuite> <!-- CRUDwithBDD.readUser -->
