<?xml version="1.0" encoding="UTF-8"?>
<!-- Generated by org.testng.reporters.JUnitReportReporter -->
<testsuite hostname="DESKTOP-TR9CLTB" failures="0" tests="1" name="JSON.pojoClass" time="25.169" errors="0" timestamp="2023-07-03T12:35:15 IST" skipped="0">
  <testcase classname="JSON.pojoClass" name="pojoclass" time="25.169"/>
  <system-out/>
</testsuite> <!-- JSON.pojoClass -->
