<?xml version="1.0" encoding="UTF-8"?>
<!-- Generated by org.testng.reporters.JUnitReportReporter -->
<testsuite hostname="DESKTOP-TR9CLTB" failures="0" tests="1" name="ResponseBoddyValidation.DynamicResponseValidation" time="6.740" errors="0" timestamp="2023-06-28T08:13:08 IST" skipped="0">
  <testcase classname="ResponseBoddyValidation.DynamicResponseValidation" name="dynamicResp" time="6.740"/>
  <system-out/>
</testsuite> <!-- ResponseBoddyValidation.DynamicResponseValidation -->
