<?xml version="1.0" encoding="UTF-8"?>
<!-- Generated by org.testng.reporters.JUnitReportReporter -->
<testsuite hostname="DESKTOP-TR9CLTB" failures="0" tests="1" name="JSON.JSONfile" time="22.363" errors="0" timestamp="2023-07-03T12:34:03 IST" skipped="0">
  <testcase classname="JSON.JSONfile" name="jsonfil" time="22.363"/>
  <system-out/>
</testsuite> <!-- JSON.JSONfile -->
