<?xml version="1.0" encoding="UTF-8"?>
<!-- Generated by org.testng.reporters.JUnitReportReporter -->
<testsuite hostname="DESKTOP-TR9CLTB" failures="0" tests="1" name="JSON.CresteWithHashmap" time="8.396" errors="0" timestamp="2023-06-26T21:48:44 IST" skipped="0">
  <testcase classname="JSON.CresteWithHashmap" name="createHASSHmap" time="8.396"/>
  <system-out/>
</testsuite> <!-- JSON.CresteWithHashmap -->
