<?xml version="1.0" encoding="UTF-8"?>
<!-- Generated by org.testng.reporters.JUnitReportReporter -->
<testsuite hostname="DESKTOP-TR9CLTB" failures="0" tests="1" name="CrudWithoutBDD.updateUser" time="4.203" errors="0" timestamp="2023-06-23T08:07:11 IST" skipped="0">
  <testcase classname="CrudWithoutBDD.updateUser" name="UpdateUsers" time="4.203"/>
  <system-out/>
</testsuite> <!-- CrudWithoutBDD.updateUser -->
