<?xml version="1.0" encoding="UTF-8"?>
<!-- Generated by org.testng.reporters.JUnitReportReporter -->
<testsuite hostname="DESKTOP-TR9CLTB" failures="0" tests="1" name="CRUDwithBDD.updateUser" time="5.814" errors="0" timestamp="2023-06-24T08:11:14 IST" skipped="0">
  <testcase classname="CRUDwithBDD.updateUser" name="UPDATEuser" time="5.814"/>
  <system-out/>
</testsuite> <!-- CRUDwithBDD.updateUser -->
