<?xml version="1.0" encoding="UTF-8"?>
<!-- Generated by org.testng.reporters.JUnitReportReporter -->
<testsuite hostname="DESKTOP-TR9CLTB" failures="0" tests="1" name="Package.QueryParam" time="21.822" errors="0" timestamp="2023-07-03T12:38:04 IST" skipped="0">
  <testcase classname="Package.QueryParam" name="queryparam" time="21.822"/>
  <system-out/>
</testsuite> <!-- Package.QueryParam -->
