<?xml version="1.0" encoding="UTF-8"?>
<!-- Generated by org.testng.reporters.JUnitReportReporter -->
<testsuite hostname="DESKTOP-TR9CLTB" failures="0" tests="1" name="CRUDwithBDD.deleteUser" time="4.891" errors="0" timestamp="2023-06-24T08:28:31 IST" skipped="0">
  <testcase classname="CRUDwithBDD.deleteUser" name="DeleteUSER" time="4.891"/>
  <system-out/>
</testsuite> <!-- CRUDwithBDD.deleteUser -->
