<?xml version="1.0" encoding="UTF-8"?>
<!-- Generated by org.testng.reporters.JUnitReportReporter -->
<testsuite hostname="DESKTOP-TR9CLTB" failures="0" tests="1" name="SERIALIZATION.EmloyeeSerialization" time="2.001" errors="0" timestamp="2023-07-03T12:49:31 IST" skipped="0">
  <testcase classname="SERIALIZATION.EmloyeeSerialization" name="empser" time="2.001"/>
  <system-out/>
</testsuite> <!-- SERIALIZATION.EmloyeeSerialization -->
