<?xml version="1.0" encoding="UTF-8"?>
<!-- Generated by org.testng.reporters.JUnitReportReporter -->
<testsuite hostname="DESKTOP-TR9CLTB" failures="0" tests="3" name="DDT.DataDrivenTesting" time="33.736" errors="0" timestamp="2023-07-03T12:31:23 IST" skipped="0">
  <testcase classname="DDT.DataDrivenTesting" name="createUser" time="30.645"/>
  <system-out/>
  <testcase classname="DDT.DataDrivenTesting" name="createUser" time="1.564"/>
  <system-out/>
  <testcase classname="DDT.DataDrivenTesting" name="createUser" time="1.527"/>
  <system-out/>
</testsuite> <!-- DDT.DataDrivenTesting -->
