<?xml version="1.0" encoding="UTF-8"?>
<!-- Generated by org.testng.reporters.JUnitReportReporter -->
<testsuite hostname="DESKTOP-TR9CLTB" failures="0" tests="1" name="CrudWithoutBDD.CreateUser" time="5.010" errors="0" timestamp="2023-06-22T08:47:26 IST" skipped="0">
  <testcase classname="CrudWithoutBDD.CreateUser" name="CreateUser" time="5.010"/>
  <system-out/>
</testsuite> <!-- CrudWithoutBDD.CreateUser -->
