<?xml version="1.0" encoding="UTF-8"?>
<!-- Generated by org.testng.reporters.JUnitReportReporter -->
<testsuite hostname="DESKTOP-TR9CLTB" failures="0" tests="1" name="CRUDwithBDD.CreateUser" time="11.606" errors="0" timestamp="2023-06-26T21:47:53 IST" skipped="0">
  <testcase classname="CRUDwithBDD.CreateUser" name="createUser" time="11.606"/>
  <system-out/>
</testsuite> <!-- CRUDwithBDD.CreateUser -->
